{"/Users/duivvv/Documents/dev/modules/note-to-frequency/dist/index.js": {"path":"/Users/duivvv/Documents/dev/modules/note-to-frequency/dist/index.js","statementMap":{"0":{"start":{"line":3,"column":12},"end":{"line":3,"column":77}},"1":{"start":{"line":5,"column":19},"end":{"line":17,"column":1}},"2":{"start":{"line":6,"column":18},"end":{"line":6,"column":88}},"3":{"start":{"line":10,"column":2},"end":{"line":13,"column":3}},"4":{"start":{"line":11,"column":4},"end":{"line":11,"column":20}},"5":{"start":{"line":12,"column":4},"end":{"line":12,"column":56}},"6":{"start":{"line":16,"column":2},"end":{"line":16,"column":76}},"7":{"start":{"line":19,"column":16},"end":{"line":19,"column":148}},"8":{"start":{"line":21,"column":20},"end":{"line":42,"column":1}},"9":{"start":{"line":23,"column":2},"end":{"line":27,"column":3}},"10":{"start":{"line":24,"column":4},"end":{"line":24,"column":24}},"11":{"start":{"line":26,"column":4},"end":{"line":26,"column":58}},"12":{"start":{"line":29,"column":2},"end":{"line":31,"column":3}},"13":{"start":{"line":30,"column":4},"end":{"line":30,"column":68}},"14":{"start":{"line":33,"column":2},"end":{"line":35,"column":3}},"15":{"start":{"line":34,"column":4},"end":{"line":34,"column":81}},"16":{"start":{"line":37,"column":2},"end":{"line":41,"column":3}},"17":{"start":{"line":38,"column":4},"end":{"line":38,"column":60}},"18":{"start":{"line":40,"column":4},"end":{"line":40,"column":74}},"19":{"start":{"line":44,"column":13},"end":{"line":67,"column":1}},"20":{"start":{"line":45,"column":13},"end":{"line":45,"column":108}},"21":{"start":{"line":47,"column":13},"end":{"line":47,"column":22}},"22":{"start":{"line":48,"column":18},"end":{"line":48,"column":32}},"23":{"start":{"line":51,"column":2},"end":{"line":53,"column":3}},"24":{"start":{"line":52,"column":4},"end":{"line":52,"column":51}},"25":{"start":{"line":55,"column":15},"end":{"line":55,"column":29}},"26":{"start":{"line":56,"column":15},"end":{"line":56,"column":43}},"27":{"start":{"line":57,"column":18},"end":{"line":57,"column":57}},"28":{"start":{"line":59,"column":2},"end":{"line":59,"column":53}},"29":{"start":{"line":61,"column":12},"end":{"line":61,"column":50}},"30":{"start":{"line":62,"column":16},"end":{"line":62,"column":35}},"31":{"start":{"line":63,"column":13},"end":{"line":63,"column":26}},"32":{"start":{"line":65,"column":10},"end":{"line":65,"column":29}},"33":{"start":{"line":66,"column":2},"end":{"line":66,"column":58}},"34":{"start":{"line":69,"column":0},"end":{"line":69,"column":23}}},"fnMap":{"0":{"name":"(anonymous_0)","decl":{"start":{"line":5,"column":19},"end":{"line":5,"column":20}},"loc":{"start":{"line":5,"column":45},"end":{"line":17,"column":1}}},"1":{"name":"(anonymous_1)","decl":{"start":{"line":21,"column":20},"end":{"line":21,"column":21}},"loc":{"start":{"line":21,"column":68},"end":{"line":42,"column":1}}},"2":{"name":"(anonymous_2)","decl":{"start":{"line":23,"column":18},"end":{"line":23,"column":19}},"loc":{"start":{"line":23,"column":31},"end":{"line":25,"column":3}}},"3":{"name":"(anonymous_3)","decl":{"start":{"line":37,"column":21},"end":{"line":37,"column":22}},"loc":{"start":{"line":37,"column":34},"end":{"line":39,"column":3}}},"4":{"name":"(anonymous_4)","decl":{"start":{"line":44,"column":13},"end":{"line":44,"column":14}},"loc":{"start":{"line":44,"column":29},"end":{"line":67,"column":1}}}},"branchMap":{"0":{"loc":{"start":{"line":6,"column":18},"end":{"line":6,"column":88}},"type":"cond-expr","locations":[{"start":{"line":6,"column":71},"end":{"line":6,"column":83}},{"start":{"line":6,"column":86},"end":{"line":6,"column":88}}]},"1":{"loc":{"start":{"line":6,"column":18},"end":{"line":6,"column":68}},"type":"binary-expr","locations":[{"start":{"line":6,"column":18},"end":{"line":6,"column":38}},{"start":{"line":6,"column":42},"end":{"line":6,"column":68}}]},"2":{"loc":{"start":{"line":10,"column":2},"end":{"line":13,"column":3}},"type":"if","locations":[{"start":{"line":10,"column":2},"end":{"line":13,"column":3}},{"start":{"line":10,"column":2},"end":{"line":13,"column":3}}]},"3":{"loc":{"start":{"line":23,"column":2},"end":{"line":27,"column":3}},"type":"if","locations":[{"start":{"line":23,"column":2},"end":{"line":27,"column":3}},{"start":{"line":23,"column":2},"end":{"line":27,"column":3}}]},"4":{"loc":{"start":{"line":29,"column":2},"end":{"line":31,"column":3}},"type":"if","locations":[{"start":{"line":29,"column":2},"end":{"line":31,"column":3}},{"start":{"line":29,"column":2},"end":{"line":31,"column":3}}]},"5":{"loc":{"start":{"line":29,"column":6},"end":{"line":29,"column":57}},"type":"binary-expr","locations":[{"start":{"line":29,"column":6},"end":{"line":29,"column":15}},{"start":{"line":29,"column":19},"end":{"line":29,"column":36}},{"start":{"line":29,"column":40},"end":{"line":29,"column":57}}]},"6":{"loc":{"start":{"line":33,"column":2},"end":{"line":35,"column":3}},"type":"if","locations":[{"start":{"line":33,"column":2},"end":{"line":35,"column":3}},{"start":{"line":33,"column":2},"end":{"line":35,"column":3}}]},"7":{"loc":{"start":{"line":37,"column":2},"end":{"line":41,"column":3}},"type":"if","locations":[{"start":{"line":37,"column":2},"end":{"line":41,"column":3}},{"start":{"line":37,"column":2},"end":{"line":41,"column":3}}]},"8":{"loc":{"start":{"line":38,"column":11},"end":{"line":38,"column":59}},"type":"binary-expr","locations":[{"start":{"line":38,"column":11},"end":{"line":38,"column":30}},{"start":{"line":38,"column":34},"end":{"line":38,"column":59}}]},"9":{"loc":{"start":{"line":45,"column":13},"end":{"line":45,"column":108}},"type":"cond-expr","locations":[{"start":{"line":45,"column":66},"end":{"line":45,"column":78}},{"start":{"line":45,"column":81},"end":{"line":45,"column":108}}]},"10":{"loc":{"start":{"line":45,"column":13},"end":{"line":45,"column":63}},"type":"binary-expr","locations":[{"start":{"line":45,"column":13},"end":{"line":45,"column":33}},{"start":{"line":45,"column":37},"end":{"line":45,"column":63}}]},"11":{"loc":{"start":{"line":51,"column":2},"end":{"line":53,"column":3}},"type":"if","locations":[{"start":{"line":51,"column":2},"end":{"line":53,"column":3}},{"start":{"line":51,"column":2},"end":{"line":53,"column":3}}]},"12":{"loc":{"start":{"line":51,"column":6},"end":{"line":51,"column":40}},"type":"binary-expr","locations":[{"start":{"line":51,"column":6},"end":{"line":51,"column":21}},{"start":{"line":51,"column":25},"end":{"line":51,"column":40}}]},"13":{"loc":{"start":{"line":57,"column":18},"end":{"line":57,"column":57}},"type":"cond-expr","locations":[{"start":{"line":57,"column":38},"end":{"line":57,"column":52}},{"start":{"line":57,"column":55},"end":{"line":57,"column":57}}]}},"s":{"0":1,"1":1,"2":10,"3":10,"4":1,"5":1,"6":10,"7":1,"8":1,"9":9,"10":71,"11":1,"12":8,"13":1,"14":7,"15":1,"16":6,"17":23,"18":1,"19":1,"20":10,"21":10,"22":10,"23":10,"24":1,"25":9,"26":9,"27":9,"28":9,"29":5,"30":5,"31":5,"32":5,"33":5,"34":1},"f":{"0":10,"1":9,"2":71,"3":23,"4":10},"b":{"0":[5,5],"1":[10,5],"2":[1,9],"3":[1,8],"4":[1,7],"5":[8,4,2],"6":[1,6],"7":[1,5],"8":[23,4],"9":[1,9],"10":[10,1],"11":[1,9],"12":[10,10],"13":[4,5]},"hash":"15645e28d9713cb458d5fa3311f94995204a0815"}
}
