TN:
SF:/Users/duivvv/Documents/dev/modules/note-to-frequency/dist/index.js
FN:5,(anonymous_0)
FN:21,(anonymous_1)
FN:23,(anonymous_2)
FN:37,(anonymous_3)
FN:44,(anonymous_4)
FNF:5
FNH:5
FNDA:10,(anonymous_0)
FNDA:9,(anonymous_1)
FNDA:71,(anonymous_2)
FNDA:23,(anonymous_3)
FNDA:10,(anonymous_4)
DA:3,1
DA:5,1
DA:6,10
DA:10,10
DA:11,1
DA:12,1
DA:16,10
DA:19,1
DA:21,1
DA:23,9
DA:24,71
DA:26,1
DA:29,8
DA:30,1
DA:33,7
DA:34,1
DA:37,6
DA:38,23
DA:40,1
DA:44,1
DA:45,10
DA:47,10
DA:48,10
DA:51,10
DA:52,1
DA:55,9
DA:56,9
DA:57,9
DA:59,9
DA:61,5
DA:62,5
DA:63,5
DA:65,5
DA:66,5
DA:69,1
LF:35
LH:35
BRDA:6,0,0,5
BRDA:6,0,1,5
BRDA:6,1,0,10
BRDA:6,1,1,5
BRDA:10,2,0,1
BRDA:10,2,1,9
BRDA:23,3,0,1
BRDA:23,3,1,8
BRDA:29,4,0,1
BRDA:29,4,1,7
BRDA:29,5,0,8
BRDA:29,5,1,4
BRDA:29,5,2,2
BRDA:33,6,0,1
BRDA:33,6,1,6
BRDA:37,7,0,1
BRDA:37,7,1,5
BRDA:38,8,0,23
BRDA:38,8,1,4
BRDA:45,9,0,1
BRDA:45,9,1,9
BRDA:45,10,0,10
BRDA:45,10,1,1
BRDA:51,11,0,1
BRDA:51,11,1,9
BRDA:51,12,0,10
BRDA:51,12,1,10
BRDA:57,13,0,4
BRDA:57,13,1,5
BRF:29
BRH:29
end_of_record
